0 info it worked if it ends with ok
1 verbose cli [ '/Users/mark.mcdermid/.nvm/versions/node/v6.2.2/bin/node',
1 verbose cli   '/Users/mark.mcdermid/.nvm/versions/node/v6.2.2/bin/npm',
1 verbose cli   'run',
1 verbose cli   'precommit' ]
2 info using npm@3.10.8
3 info using node@v6.2.2
4 verbose run-script [ 'precommit' ]
5 info lifecycle react-redux-saga-boilerplate@0.2.0~precommit: react-redux-saga-boilerplate@0.2.0
6 verbose lifecycle react-redux-saga-boilerplate@0.2.0~precommit: unsafe-perm in lifecycle true
7 verbose lifecycle react-redux-saga-boilerplate@0.2.0~precommit: PATH: /Users/mark.mcdermid/.nvm/versions/node/v6.2.2/lib/node_modules/npm/bin/node-gyp-bin:/Users/mark.mcdermid/projects/mmc-portfolio/node_modules/.bin:/Users/mark.mcdermid/.nvm/versions/node/v6.2.2/bin:/usr/local/Cellar/git/2.8.2_1/libexec/git-core:/usr/local/bin:/usr/bin:/bin:/usr/sbin:/sbin:/usr/local/sbin:/usr/local/bin:/usr/local
8 verbose lifecycle react-redux-saga-boilerplate@0.2.0~precommit: CWD: /Users/mark.mcdermid/projects/mmc-portfolio
9 silly lifecycle react-redux-saga-boilerplate@0.2.0~precommit: Args: [ '-c',
9 silly lifecycle   'node config/tools commits && npm run lint && npm test' ]
10 silly lifecycle react-redux-saga-boilerplate@0.2.0~precommit: Returned: code: 1  signal: null
11 info lifecycle react-redux-saga-boilerplate@0.2.0~precommit: Failed to exec precommit script
12 verbose stack Error: react-redux-saga-boilerplate@0.2.0 precommit: `node config/tools commits && npm run lint && npm test`
12 verbose stack Exit status 1
12 verbose stack     at EventEmitter.<anonymous> (/Users/mark.mcdermid/.nvm/versions/node/v6.2.2/lib/node_modules/npm/lib/utils/lifecycle.js:255:16)
12 verbose stack     at emitTwo (events.js:106:13)
12 verbose stack     at EventEmitter.emit (events.js:191:7)
12 verbose stack     at ChildProcess.<anonymous> (/Users/mark.mcdermid/.nvm/versions/node/v6.2.2/lib/node_modules/npm/lib/utils/spawn.js:40:14)
12 verbose stack     at emitTwo (events.js:106:13)
12 verbose stack     at ChildProcess.emit (events.js:191:7)
12 verbose stack     at maybeClose (internal/child_process.js:852:16)
12 verbose stack     at Process.ChildProcess._handle.onexit (internal/child_process.js:215:5)
13 verbose pkgid react-redux-saga-boilerplate@0.2.0
14 verbose cwd /Users/mark.mcdermid/projects/mmc-portfolio
15 error Darwin 16.1.0
16 error argv "/Users/mark.mcdermid/.nvm/versions/node/v6.2.2/bin/node" "/Users/mark.mcdermid/.nvm/versions/node/v6.2.2/bin/npm" "run" "precommit"
17 error node v6.2.2
18 error npm  v3.10.8
19 error code ELIFECYCLE
20 error react-redux-saga-boilerplate@0.2.0 precommit: `node config/tools commits && npm run lint && npm test`
20 error Exit status 1
21 error Failed at the react-redux-saga-boilerplate@0.2.0 precommit script 'node config/tools commits && npm run lint && npm test'.
21 error Make sure you have the latest version of node.js and npm installed.
21 error If you do, this is most likely a problem with the react-redux-saga-boilerplate package,
21 error not with npm itself.
21 error Tell the author that this fails on your system:
21 error     node config/tools commits && npm run lint && npm test
21 error You can get information on how to open an issue for this project with:
21 error     npm bugs react-redux-saga-boilerplate
21 error Or if that isn't available, you can get their info via:
21 error     npm owner ls react-redux-saga-boilerplate
21 error There is likely additional logging output above.
22 verbose exit [ 1, true ]
